c:\users\usuario\documents\progra 1 verano\proyecto\proyecto del blackjack\proyecto del blackjack\x64\debug\vc143.pdb
c:\users\usuario\documents\progra 1 verano\proyecto\proyecto del blackjack\proyecto del blackjack\x64\debug\vc143.idb
c:\users\usuario\documents\progra 1 verano\proyecto\proyecto del blackjack\proyecto del blackjack\x64\debug\utilidades.obj
c:\users\usuario\documents\progra 1 verano\proyecto\proyecto del blackjack\proyecto del blackjack\x64\debug\nodom.obj
c:\users\usuario\documents\progra 1 verano\proyecto\proyecto del blackjack\proyecto del blackjack\x64\debug\nodoj.obj
c:\users\usuario\documents\progra 1 verano\proyecto\proyecto del blackjack\proyecto del blackjack\x64\debug\mazo.obj
c:\users\usuario\documents\progra 1 verano\proyecto\proyecto del blackjack\proyecto del blackjack\x64\debug\main.obj
c:\users\usuario\documents\progra 1 verano\proyecto\proyecto del blackjack\proyecto del blackjack\x64\debug\listamano.obj
c:\users\usuario\documents\progra 1 verano\proyecto\proyecto del blackjack\proyecto del blackjack\x64\debug\listajugadores.obj
c:\users\usuario\documents\progra 1 verano\proyecto\proyecto del blackjack\proyecto del blackjack\x64\debug\jugadorgenerico.obj
c:\users\usuario\documents\progra 1 verano\proyecto\proyecto del blackjack\proyecto del blackjack\x64\debug\jugador.obj
c:\users\usuario\documents\progra 1 verano\proyecto\proyecto del blackjack\proyecto del blackjack\x64\debug\crupier.obj
c:\users\usuario\documents\progra 1 verano\proyecto\proyecto del blackjack\proyecto del blackjack\x64\debug\carta.obj
c:\users\usuario\documents\progra 1 verano\proyecto\proyecto del blackjack\proyecto del blackjack\x64\debug\juego.obj
c:\users\usuario\documents\progra 1 verano\proyecto\proyecto del blackjack\x64\debug\proyecto del blackjack.exe
c:\users\usuario\documents\progra 1 verano\proyecto\proyecto del blackjack\proyecto del blackjack\x64\debug\proyecto del blackjack.ilk
c:\users\usuario\documents\progra 1 verano\proyecto\proyecto del blackjack\x64\debug\proyecto del blackjack.pdb
c:\users\usuario\documents\progra 1 verano\proyecto\proyecto del blackjack\proyecto del blackjack\x64\debug\crupier.obj.enc
c:\users\usuario\documents\progra 1 verano\proyecto\proyecto del blackjack\proyecto del blackjack\x64\debug\juego.obj.enc
c:\users\usuario\documents\progra 1 verano\proyecto\proyecto del blackjack\proyecto del blackjack\x64\debug\jugador.obj.enc
c:\users\usuario\documents\progra 1 verano\proyecto\proyecto del blackjack\proyecto del blackjack\x64\debug\jugadorgenerico.obj.enc
c:\users\usuario\documents\progra 1 verano\proyecto\proyecto del blackjack\proyecto del blackjack\x64\debug\listajugadores.obj.enc
c:\users\usuario\documents\progra 1 verano\proyecto\proyecto del blackjack\proyecto del blackjack\x64\debug\listamano.obj.enc
c:\users\usuario\documents\progra 1 verano\proyecto\proyecto del blackjack\proyecto del blackjack\x64\debug\main.obj.enc
c:\users\usuario\documents\progra 1 verano\proyecto\proyecto del blackjack\proyecto del blackjack\x64\debug\nodoj.obj.enc
c:\users\usuario\documents\progra 1 verano\proyecto\proyecto del blackjack\proyecto del blackjack\x64\debug\proyecto.917c0ec0.tlog\cl.command.1.tlog
c:\users\usuario\documents\progra 1 verano\proyecto\proyecto del blackjack\proyecto del blackjack\x64\debug\proyecto.917c0ec0.tlog\cl.read.1.tlog
c:\users\usuario\documents\progra 1 verano\proyecto\proyecto del blackjack\proyecto del blackjack\x64\debug\proyecto.917c0ec0.tlog\cl.write.1.tlog
c:\users\usuario\documents\progra 1 verano\proyecto\proyecto del blackjack\proyecto del blackjack\x64\debug\proyecto.917c0ec0.tlog\link.command.1.tlog
c:\users\usuario\documents\progra 1 verano\proyecto\proyecto del blackjack\proyecto del blackjack\x64\debug\proyecto.917c0ec0.tlog\link.read.1.tlog
c:\users\usuario\documents\progra 1 verano\proyecto\proyecto del blackjack\proyecto del blackjack\x64\debug\proyecto.917c0ec0.tlog\link.write.1.tlog
